<?xml version="1.0" encoding="UTF-8"?>
<testng-results skipped="0" failed="0" ignored="0" total="1" passed="1">
  <reporter-output>
  </reporter-output>
  <suite name="Default suite" duration-ms="56264" started-at="2019-01-02T20:41:02Z" finished-at="2019-01-02T20:41:58Z">
    <groups>
    </groups>
    <test name="Default test" duration-ms="56264" started-at="2019-01-02T20:41:02Z" finished-at="2019-01-02T20:41:58Z">
      <class name="com.qi.testcases.QiTask">
        <test-method status="PASS" signature="setUp()[pri:0, instance:com.qi.testcases.QiTask@11758f2a]" name="setUp" is-config="true" duration-ms="59262" started-at="2019-01-02T20:40:02Z" finished-at="2019-01-02T20:41:02Z">
          <reporter-output>
          </reporter-output>
        </test-method> <!-- setUp -->
        <test-method status="PASS" signature="loginAsUser()[pri:0, instance:com.qi.testcases.QiTask@11758f2a]" name="loginAsUser" duration-ms="56103" started-at="2019-01-02T20:41:02Z" finished-at="2019-01-02T20:41:58Z">
          <reporter-output>
          </reporter-output>
        </test-method> <!-- loginAsUser -->
        <test-method status="PASS" signature="tearDown()[pri:0, instance:com.qi.testcases.QiTask@11758f2a]" name="tearDown" is-config="true" duration-ms="12990" started-at="2019-01-02T20:41:58Z" finished-at="2019-01-02T20:42:11Z">
          <reporter-output>
          </reporter-output>
        </test-method> <!-- tearDown -->
      </class> <!-- com.qi.testcases.QiTask -->
    </test> <!-- Default test -->
  </suite> <!-- Default suite -->
</testng-results>
