<?xml version="1.0" encoding="UTF-8"?>
<testng-results skipped="0" failed="0" ignored="0" total="0" passed="0">
  <reporter-output>
  </reporter-output>
  <suite name="Command line suite" duration-ms="18" started-at="2018-12-31T02:04:12 IST" finished-at="2018-12-31T02:04:12 IST">
    <groups>
    </groups>
    <test name="Command line test" duration-ms="18" started-at="2018-12-31T02:04:12 IST" finished-at="2018-12-31T02:04:12 IST">
      <class name="com.qi.base.TestQuant">
        <test-method status="PASS" signature="setUp()[pri:0, instance:com.qi.base.TestQuant@224edc67]" name="setUp" is-config="true" duration-ms="112" started-at="2018-12-31T02:04:12 IST" finished-at="2018-12-31T02:04:12 IST">
          <reporter-output>
          </reporter-output>
        </test-method> <!-- setUp -->
        <test-method status="PASS" signature="tearDown()[pri:0, instance:com.qi.base.TestQuant@224edc67]" name="tearDown" is-config="true" duration-ms="1" started-at="2018-12-31T02:04:13 IST" finished-at="2018-12-31T02:04:13 IST">
          <reporter-output>
          </reporter-output>
        </test-method> <!-- tearDown -->
      </class> <!-- com.qi.base.TestQuant -->
    </test> <!-- Command line test -->
  </suite> <!-- Command line suite -->
</testng-results>
