<?xml version="1.0" encoding="UTF-8"?>
<!-- Generated by org.testng.reporters.JUnitXMLReporter -->
<testsuite hostname="Shankhdhar" ignored="0" name="Test" tests="2" failures="1" timestamp="31 Dec 2018 03:45:30 GMT" time="33.084" errors="0">
  <testcase name="loginAsUser" time="29.013" classname="com.qi.testcases.LoginQiTest"/>
  <testcase name="ModifySSO" time="3.905" classname="com.qi.testcases.LoginQiTest">
    <failure type="java.lang.NullPointerException">
      <![CDATA[java.lang.NullPointerException
at org.openqa.selenium.remote.RemoteWebDriver.findElements(RemoteWebDriver.java:446)
at org.openqa.selenium.remote.RemoteWebDriver.findElementsByXPath(RemoteWebDriver.java:513)
at org.openqa.selenium.By$ByXPath.findElements(By.java:356)
at org.openqa.selenium.remote.RemoteWebDriver.findElements(RemoteWebDriver.java:398)
at org.openqa.selenium.support.ui.ExpectedConditions.findElement(ExpectedConditions.java:882)
at org.openqa.selenium.support.ui.ExpectedConditions.access$000(ExpectedConditions.java:44)
at org.openqa.selenium.support.ui.ExpectedConditions$7.apply(ExpectedConditions.java:206)
at org.openqa.selenium.support.ui.ExpectedConditions$7.apply(ExpectedConditions.java:202)
at org.openqa.selenium.support.ui.FluentWait.until(FluentWait.java:209)
at com.qi.testcases.LoginQiTest.ModifySSO(LoginQiTest.java:55)
... Removed 25 stack frames]]>
    </failure>
  </testcase> <!-- ModifySSO -->
</testsuite> <!-- Test -->
